{"/var/www/nodejs-template/test/sample-function.js": {"path":"/var/www/nodejs-template/test/sample-function.js","statementMap":{"0":{"start":{"line":1,"column":12},"end":{"line":5,"column":1}},"1":{"start":{"line":3,"column":2},"end":{"line":4,"column":16}},"2":{"start":{"line":3,"column":9},"end":{"line":3,"column":22}},"3":{"start":{"line":4,"column":7},"end":{"line":4,"column":16}},"4":{"start":{"line":7,"column":0},"end":{"line":7,"column":21}}},"fnMap":{"0":{"name":"(anonymous_0)","decl":{"start":{"line":1,"column":12},"end":{"line":1,"column":13}},"loc":{"start":{"line":1,"column":22},"end":{"line":5,"column":1}},"line":1}},"branchMap":{"0":{"loc":{"start":{"line":3,"column":2},"end":{"line":4,"column":16}},"type":"if","locations":[{"start":{"line":3,"column":2},"end":{"line":4,"column":16}},{"start":{"line":4,"column":7},"end":{"line":4,"column":16}}],"line":3}},"s":{"0":1,"1":2,"2":1,"3":1,"4":1},"f":{"0":2},"b":{"0":[1,1]},"_coverageSchema":"1a1c01bbd47fc00a2c39e90264f33305004495a9","hash":"dea9ddf9161788ad318be140c0acac28b9b08d38"}
}
